<?xml version="1.0"?>
<testsuite name="PhantomJS 2.1.1 (Windows 8 0.0.0)" package="" timestamp="2017-06-13T00:21:39" id="0" hostname="DESKTOP-364CNM8" tests="1" errors="0" failures="0" time="0.287">
  <properties>
    <property name="browser.fullName" value="Mozilla/5.0 (Windows NT 6.2; WOW64) AppleWebKit/538.1 (KHTML, like Gecko) PhantomJS/2.1.1 Safari/538.1"/>
  </properties>
  <testcase name="application load should contain router-outlet" time="0.287" classname="PhantomJS_2_1_1_(Windows_8_0_0_0).application load"/>
  <system-out>
    <![CDATA[Chrome 58.0.3029 (Windows 10 0.0.0) ERROR
  Disconnectedundefined

]]>
  </system-out>
  <system-err/>
</testsuite>